
/home/runner/work/exp-heuristic-search-au/exp-heuristic-search-au/experiment/simulation/js/editor.js
    4:13  warning  'graph' is not defined                      no-undef
   18:10  warning  'updateTextArea' is defined but never used  no-unused-vars
   70:5   warning  'graph' is not defined                      no-undef
   71:5   warning  'graph' is not defined                      no-undef
   73:5   warning  'graphNetwork' is not defined               no-undef
   74:5   warning  'graphNetwork' is not defined               no-undef
   84:1   warning  '$' is not defined                          no-undef
  100:1   warning  'graphNetwork' is not defined               no-undef
  112:21  warning  'graph' is not defined                      no-undef
  120:13  warning  'graph' is not defined                      no-undef
  135:10  warning  'smallGraph' is defined but never used      no-unused-vars

/home/runner/work/exp-heuristic-search-au/exp-heuristic-search-au/experiment/simulation/js/jquery.min.js
  2:71     warning  'module' is not defined                                                    no-undef
  2:86     warning  'module' is not defined                                                    no-undef
  2:5774   warning  Unexpected control character(s) in regular expression: \x1f, \x1f          no-control-regex
  2:6247   warning  Expected a conditional expression and instead saw an assignment            no-cond-assign
  2:6501   warning  Expected a conditional expression and instead saw an assignment            no-cond-assign
  2:6932   warning  Expected a conditional expression and instead saw an assignment            no-cond-assign
  2:7158   warning  Empty block statement                                                      no-empty
  2:7720   warning  Expected a conditional expression and instead saw an assignment            no-cond-assign
  2:9786   warning  Expected a conditional expression and instead saw an assignment            no-cond-assign
  2:10096  warning  Expected a conditional expression and instead saw an assignment            no-cond-assign
  2:11897  warning  Expected a conditional expression and instead saw an assignment            no-cond-assign
  2:12473  warning  Expected a conditional expression and instead saw an assignment            no-cond-assign
  2:12511  warning  Expected a conditional expression and instead saw an assignment            no-cond-assign
  2:12929  warning  Empty block statement                                                      no-empty
  2:13543  warning  Expected a conditional expression and instead saw an assignment            no-cond-assign
  2:13855  warning  Expected a conditional expression and instead saw an assignment            no-cond-assign
  2:15679  warning  Expected a conditional expression and instead saw an assignment            no-cond-assign
  2:15950  warning  Expected a conditional expression and instead saw an assignment            no-cond-assign
  2:16150  warning  Expected a conditional expression and instead saw an assignment            no-cond-assign
  2:16526  warning  Do not access Object.prototype method 'hasOwnProperty' from target object  no-prototype-builtins
  2:17229  warning  Expected a conditional expression and instead saw an assignment            no-cond-assign
  2:19571  warning  Expected a conditional expression and instead saw an assignment            no-cond-assign
  2:19671  warning  Expected a conditional expression and instead saw an assignment            no-cond-assign
  2:19731  warning  Expected a conditional expression and instead saw an assignment            no-cond-assign
  2:21090  warning  Expected a conditional expression and instead saw an assignment            no-cond-assign
  2:21704  warning  Expected a conditional expression and instead saw an assignment            no-cond-assign
  2:21815  warning  Expected a conditional expression and instead saw an assignment            no-cond-assign
  2:24136  warning  Unnecessary escape character: \/                                           no-useless-escape
  2:24200  warning  Unnecessary escape character: \[                                           no-useless-escape
  2:24202  warning  Unnecessary escape character: \.                                           no-useless-escape
  3:1911   warning  Empty block statement                                                      no-empty
  3:5606   warning  Unnecessary escape character: \/                                           no-useless-escape
  3:6817   warning  Expected a conditional expression and instead saw an assignment            no-cond-assign
  3:6957   warning  Expected a conditional expression and instead saw an assignment            no-cond-assign
  3:7595   warning  Empty block statement                                                      no-empty
  3:14349  warning  Unnecessary escape character: \/                                           no-useless-escape
  3:16617  warning  Expected a conditional expression and instead saw an assignment            no-cond-assign
  3:18189  warning  Empty block statement                                                      no-empty
  3:25389  warning  Expected a conditional expression and instead saw an assignment            no-cond-assign
  3:27950  warning  Expected a conditional expression and instead saw an assignment            no-cond-assign
  4:250    warning  Expected a conditional expression and instead saw an assignment            no-cond-assign
  4:1959   warning  Expected a conditional expression and instead saw an assignment            no-cond-assign
  4:2025   warning  Expected a conditional expression and instead saw an assignment            no-cond-assign
  4:2364   warning  Expected a conditional expression and instead saw an assignment            no-cond-assign
  4:2430   warning  Expected a conditional expression and instead saw an assignment            no-cond-assign
  4:2847   warning  Expected a conditional expression and instead saw an assignment            no-cond-assign
  4:3124   warning  Expected a conditional expression and instead saw an assignment            no-cond-assign
  4:8860   warning  Expected a conditional expression and instead saw an assignment            no-cond-assign
  4:11352  warning  Expected a conditional expression and instead saw an assignment            no-cond-assign
  4:12073  warning  'j.href' is assigned to itself                                             no-self-assign
  4:15636  warning  Empty block statement                                                      no-empty
  4:22294  warning  'define' is not defined                                                    no-undef
  4:22306  warning  'define' is not defined                                                    no-undef

/home/runner/work/exp-heuristic-search-au/exp-heuristic-search-au/experiment/simulation/js/main.js
  1:10  warning  'randomInt' is defined but never used  no-unused-vars

/home/runner/work/exp-heuristic-search-au/exp-heuristic-search-au/experiment/simulation/js/manual/man_editor.js
    2:13  warning  'graph' is not defined                  no-undef
   48:1   warning  'graph' is not defined                  no-undef
  114:5   warning  'graph' is not defined                  no-undef
  115:5   warning  'graph' is not defined                  no-undef
  117:5   warning  'graphNetwork' is not defined           no-undef
  118:5   warning  'graphNetwork' is not defined           no-undef
  131:1   warning  'graphNetwork' is not defined           no-undef
  137:9   warning  'graph' is not defined                  no-undef
  149:1   warning  '$' is not defined                      no-undef
  152:9   warning  'reset' is not defined                  no-undef
  158:77  warning  Empty block statement                   no-empty
  163:77  warning  Empty block statement                   no-empty
  174:1   warning  'graphNetwork' is not defined           no-undef
  194:5   warning  'graph' is not defined                  no-undef
  195:5   warning  'graph' is not defined                  no-undef
  205:10  warning  'smallGraph' is defined but never used  no-unused-vars

/home/runner/work/exp-heuristic-search-au/exp-heuristic-search-au/experiment/simulation/js/manual/man_option.js
    1:5  warning  'treeOptions' is assigned a value but never used     no-unused-vars
   66:5  warning  'graphOptions' is assigned a value but never used    no-unused-vars
  115:5  warning  'treeRoot' is assigned a value but never used        no-unused-vars
  128:5  warning  'treeResult' is assigned a value but never used      no-unused-vars
  141:5  warning  'treeBad' is assigned a value but never used         no-unused-vars
  154:5  warning  'treeResultTail' is assigned a value but never used  no-unused-vars
  167:5  warning  'treeResultEdge' is assigned a value but never used  no-unused-vars

/home/runner/work/exp-heuristic-search-au/exp-heuristic-search-au/experiment/simulation/js/manual/man_script.js
  15:16  warning  'vis' is not defined                               no-undef
  16:16  warning  'vis' is not defined                               no-undef
  19:16  warning  'vis' is not defined                               no-undef
  20:16  warning  'vis' is not defined                               no-undef
  26:5   warning  'treeNetwork' is assigned a value but never used   no-unused-vars
  26:23  warning  'vis' is not defined                               no-undef
  29:5   warning  'treeOptions' is not defined                       no-undef
  31:5   warning  'graphNetwork' is assigned a value but never used  no-unused-vars
  31:24  warning  'vis' is not defined                               no-undef
  34:5   warning  'graphOptions' is not defined                      no-undef

/home/runner/work/exp-heuristic-search-au/exp-heuristic-search-au/experiment/simulation/js/manual/man_solver.js
    4:5   warning  'path' is assigned a value but never used                                  no-unused-vars
   58:10  warning  'solvePlanar' is defined but never used                                    no-unused-vars
   63:30  warning  'graph' is not defined                                                     no-undef
   64:5   warning  'graph' is not defined                                                     no-undef
   68:17  warning  'graph' is not defined                                                     no-undef
  141:9   warning  'graph' is not defined                                                     no-undef
  159:5   warning  'startNodeInput' is not defined                                            no-undef
  159:57  warning  'startNodeInput' is not defined                                            no-undef
  162:10  warning  'reset' is defined but never used                                          no-unused-vars
  163:5   warning  'tree' is not defined                                                      no-undef
  164:5   warning  'tree' is not defined                                                      no-undef
  165:5   warning  'graph' is not defined                                                     no-undef
  167:5   warning  'nodes' is not defined                                                     no-undef
  168:5   warning  'clearText' is not defined                                                 no-undef
  174:10  warning  'resetOnlyResult' is defined but never used                                no-unused-vars
  176:5   warning  'tree' is not defined                                                      no-undef
  177:5   warning  'tree' is not defined                                                      no-undef
  178:5   warning  'graph' is not defined                                                     no-undef
  180:5   warning  'nodes' is not defined                                                     no-undef
  181:5   warning  'clearText' is not defined                                                 no-undef
  183:5   warning  'updateTextArea' is not defined                                            no-undef
  188:19  warning  'tree' is not defined                                                      no-undef
  191:19  warning  Do not access Object.prototype method 'hasOwnProperty' from target object  no-prototype-builtins
  192:9   warning  'distances' is assigned a value but never used                             no-unused-vars
  204:10  warning  'solveBranchAndBound' is defined but never used                            no-unused-vars
  208:24  warning  'graph' is not defined                                                     no-undef
  213:21  warning  'TinyQueue' is not defined                                                 no-undef
  229:5   warning  'tree' is not defined                                                      no-undef
  235:16  warning  'treeRoot' is not defined                                                  no-undef
  247:28  warning  'graph' is not defined                                                     no-undef
  248:26  warning  'graph' is not defined                                                     no-undef
  258:32  warning  'treeNetwork' is not defined                                               no-undef
  259:38  warning  'randomInt' is not defined                                                 no-undef
  260:38  warning  'randomInt' is not defined                                                 no-undef
  261:17  warning  'tree' is not defined                                                      no-undef
  269:17  warning  'tree' is not defined                                                      no-undef
  283:29  warning  'tree' is not defined                                                      no-undef
  286:40  warning  'treeResultEdge' is not defined                                            no-undef
  288:29  warning  'tree' is not defined                                                      no-undef
  288:70  warning  'treeResult' is not defined                                                no-undef
  291:25  warning  'tree' is not defined                                                      no-undef
  291:63  warning  'treeResultTail' is not defined                                            no-undef
  320:13  warning  'state' is already defined                                                 no-redeclare
  323:31  warning  'tree' is not defined                                                      no-undef
  327:21  warning  'tree' is not defined                                                      no-undef
  327:62  warning  'treeBad' is not defined                                                   no-undef
  351:10  warning  'getPath' is defined but never used                                        no-unused-vars
  361:10  warning  'reverse' is defined but never used                                        no-unused-vars
  373:1   warning  'treeNetwork' is not defined                                               no-undef
  375:21  warning  'tree' is not defined                                                      no-undef
  381:5   warning  'graph' is not defined                                                     no-undef
  382:13  warning  'graph' is not defined                                                     no-undef
  384:20  warning  'graph' is not defined                                                     no-undef
  385:18  warning  'graph' is not defined                                                     no-undef
  391:9   warning  'graph' is not defined                                                     no-undef
  408:9   warning  'graph' is not defined                                                     no-undef
  411:17  warning  'from' is not defined                                                      no-undef
  412:17  warning  'to' is not defined                                                        no-undef
  414:50  warning  'from' is not defined                                                      no-undef
  414:61  warning  'to' is not defined                                                        no-undef

/home/runner/work/exp-heuristic-search-au/exp-heuristic-search-au/experiment/simulation/js/options.js
    1:5  warning  'treeOptions' is assigned a value but never used     no-unused-vars
   66:7  warning  'graphOptions' is assigned a value but never used    no-unused-vars
  115:7  warning  'treeRoot' is assigned a value but never used        no-unused-vars
  128:7  warning  'treeResult' is assigned a value but never used      no-unused-vars
  141:7  warning  'treeBad' is assigned a value but never used         no-unused-vars
  154:7  warning  'treeResultTail' is assigned a value but never used  no-unused-vars
  167:7  warning  'treeResultEdge' is assigned a value but never used  no-unused-vars

/home/runner/work/exp-heuristic-search-au/exp-heuristic-search-au/experiment/simulation/js/script.js
  16:16  warning  'vis' is not defined                               no-undef
  17:16  warning  'vis' is not defined                               no-undef
  20:16  warning  'vis' is not defined                               no-undef
  21:16  warning  'vis' is not defined                               no-undef
  27:5   warning  'treeNetwork' is assigned a value but never used   no-unused-vars
  27:23  warning  'vis' is not defined                               no-undef
  30:5   warning  'treeOptions' is not defined                       no-undef
  32:5   warning  'graphNetwork' is assigned a value but never used  no-unused-vars
  32:24  warning  'vis' is not defined                               no-undef
  35:5   warning  'graphOptions' is not defined                      no-undef

/home/runner/work/exp-heuristic-search-au/exp-heuristic-search-au/experiment/simulation/js/solver.js
    3:5   warning  'path' is assigned a value but never used                                  no-unused-vars
   54:10  warning  'solvePlanar' is defined but never used                                    no-unused-vars
   56:17  warning  'graph' is not defined                                                     no-undef
   61:11  warning  'editor' is assigned a value but never used                                no-unused-vars
  139:5   warning  'startNodeInput' is not defined                                            no-undef
  139:57  warning  'startNodeInput' is not defined                                            no-undef
  142:10  warning  'reset' is defined but never used                                          no-unused-vars
  144:5   warning  'tree' is not defined                                                      no-undef
  145:5   warning  'tree' is not defined                                                      no-undef
  146:5   warning  'graph' is not defined                                                     no-undef
  149:5   warning  'nodes' is not defined                                                     no-undef
  151:5   warning  'clearText' is not defined                                                 no-undef
  162:19  warning  'tree' is not defined                                                      no-undef
  165:19  warning  Do not access Object.prototype method 'hasOwnProperty' from target object  no-prototype-builtins
  166:9   warning  'distances' is assigned a value but never used                             no-unused-vars
  171:10  warning  'solveBranchAndBound' is defined but never used                            no-unused-vars
  175:24  warning  'graph' is not defined                                                     no-undef
  180:21  warning  'TinyQueue' is not defined                                                 no-undef
  197:5   warning  'tree' is not defined                                                      no-undef
  203:16  warning  'treeRoot' is not defined                                                  no-undef
  215:24  warning  'tree' is not defined                                                      no-undef
  217:32  warning  'treeNetwork' is not defined                                               no-undef
  218:38  warning  'randomInt' is not defined                                                 no-undef
  219:38  warning  'randomInt' is not defined                                                 no-undef
  221:17  warning  'tree' is not defined                                                      no-undef
  229:17  warning  'tree' is not defined                                                      no-undef
  231:26  warning  'tree' is not defined                                                      no-undef
  231:38  warning  'tree' is not defined                                                      no-undef
  243:29  warning  'tree' is not defined                                                      no-undef
  246:40  warning  'treeResultEdge' is not defined                                            no-undef
  248:29  warning  'tree' is not defined                                                      no-undef
  248:70  warning  'treeResult' is not defined                                                no-undef
  251:25  warning  'tree' is not defined                                                      no-undef
  251:63  warning  'treeResultTail' is not defined                                            no-undef
  285:31  warning  'tree' is not defined                                                      no-undef
  289:21  warning  'tree' is not defined                                                      no-undef
  289:62  warning  'treeBad' is not defined                                                   no-undef
  307:10  warning  'resetOnlyResult' is defined but never used                                no-unused-vars
  309:5   warning  'tree' is not defined                                                      no-undef
  310:5   warning  'tree' is not defined                                                      no-undef
  311:5   warning  'graph' is not defined                                                     no-undef
  313:5   warning  'nodes' is not defined                                                     no-undef
  314:5   warning  'clearText' is not defined                                                 no-undef
  336:10  warning  'getPath' is defined but never used                                        no-unused-vars
  346:10  warning  'reverse' is defined but never used                                        no-unused-vars
  358:1   warning  'treeNetwork' is not defined                                               no-undef
  361:21  warning  'tree' is not defined                                                      no-undef
  367:5   warning  'graph' is not defined                                                     no-undef
  368:13  warning  'graph' is not defined                                                     no-undef
  370:20  warning  'graph' is not defined                                                     no-undef
  371:18  warning  'graph' is not defined                                                     no-undef
  372:9   warning  'graph' is not defined                                                     no-undef
  390:9   warning  'graph' is not defined                                                     no-undef
  393:17  warning  'from' is not defined                                                      no-undef
  394:17  warning  'to' is not defined                                                        no-undef
  396:50  warning  'from' is not defined                                                      no-undef
  396:61  warning  'to' is not defined                                                        no-undef

/home/runner/work/exp-heuristic-search-au/exp-heuristic-search-au/experiment/simulation/js/vis.min.js
  25:80     warning  'module' is not defined                                                          no-undef
  25:126    warning  'define' is not defined                                                          no-undef
  25:137    warning  'define' is not defined                                                          no-undef
  25:175    warning  'exports' is not defined                                                         no-undef
  25:707    warning  'i' is defined but never used                                                    no-unused-vars
  25:1996   warning  Do not access Object.prototype method 'hasOwnProperty' from target object        no-prototype-builtins
  25:2318   warning  'e' is defined but never used                                                    no-unused-vars
  25:2393   warning  Do not access Object.prototype method 'hasOwnProperty' from target object        no-prototype-builtins
  25:2465   warning  'i' is defined but never used                                                    no-unused-vars
  25:2655   warning  Do not access Object.prototype method 'hasOwnProperty' from target object        no-prototype-builtins
  25:2922   warning  Do not access Object.prototype method 'hasOwnProperty' from target object        no-prototype-builtins
  25:3383   warning  Do not access Object.prototype method 'hasOwnProperty' from target object        no-prototype-builtins
  25:3820   warning  Do not access Object.prototype method 'hasOwnProperty' from target object        no-prototype-builtins
  25:5814   warning  Unnecessary escape character: \-                                                 no-useless-escape
  25:6963   warning  Do not access Object.prototype method 'hasOwnProperty' from target object        no-prototype-builtins
  25:7043   warning  Do not access Object.prototype method 'hasOwnProperty' from target object        no-prototype-builtins
  25:10836  warning  Do not access Object.prototype method 'hasOwnProperty' from target object        no-prototype-builtins
  25:11821  warning  Do not access Object.prototype method 'hasOwnProperty' from target object        no-prototype-builtins
  25:12119  warning  Do not access Object.prototype method 'hasOwnProperty' from target object        no-prototype-builtins
  25:12885  warning  Do not access Object.prototype method 'hasOwnProperty' from target object        no-prototype-builtins
  25:13253  warning  Do not access Object.prototype method 'hasOwnProperty' from target object        no-prototype-builtins
  25:15360  warning  Unsafe usage of ThrowStatement                                                   no-unsafe-finally
  25:16807  warning  'e' is defined but never used                                                    no-unused-vars
  25:16867  warning  '__e' is not defined                                                             no-undef
  25:17106  warning  'e' is defined but never used                                                    no-unused-vars
  25:19583  warning  't' is defined but never used                                                    no-unused-vars
  25:21840  warning  Do not access Object.prototype method 'hasOwnProperty' from target object        no-prototype-builtins
  25:25937  warning  't' is defined but never used                                                    no-unused-vars
  25:27985  warning  'i' is defined but never used                                                    no-unused-vars
  25:28035  warning  Do not access Object.prototype method 'hasOwnProperty' from target object        no-prototype-builtins
  25:28145  warning  Do not access Object.prototype method 'hasOwnProperty' from target object        no-prototype-builtins
  25:28439  warning  Do not access Object.prototype method 'hasOwnProperty' from target object        no-prototype-builtins
  25:28780  warning  Do not access Object.prototype method 'hasOwnProperty' from target object        no-prototype-builtins
  25:30631  warning  Do not access Object.prototype method 'hasOwnProperty' from target object        no-prototype-builtins
  26:1450   warning  Unnecessary escape character: \"                                                 no-useless-escape
  26:1494   warning  Unnecessary escape character: \,                                                 no-useless-escape
  26:1959   warning  't' is defined but never used                                                    no-unused-vars
  26:1961   warning  'e' is defined but never used                                                    no-unused-vars
  26:3142   warning  'e' is defined but never used                                                    no-unused-vars
  26:3310   warning  '__g' is not defined                                                             no-undef
  26:3545   warning  Empty block statement                                                            no-empty
  26:3780   warning  'e' is defined but never used                                                    no-unused-vars
  26:9403   warning  'e' is defined but never used                                                    no-unused-vars
  26:9873   warning  Unsafe usage of ThrowStatement                                                   no-unsafe-finally
  26:10075  warning  'e' is defined but never used                                                    no-unused-vars
  26:10103  warning  'e' is defined but never used                                                    no-unused-vars
  26:10283  warning  'e' is defined but never used                                                    no-unused-vars
  26:10285  warning  'i' is defined but never used                                                    no-unused-vars
  26:10832  warning  'i' is defined but never used                                                    no-unused-vars
  26:12555  warning  Do not access Object.prototype method 'hasOwnProperty' from target object        no-prototype-builtins
  26:12630  warning  Do not access Object.prototype method 'hasOwnProperty' from target object        no-prototype-builtins
  26:13421  warning  'i' is defined but never used                                                    no-unused-vars
  26:19320  warning  'i' is defined but never used                                                    no-unused-vars
  26:20912  warning  't' is defined but never used                                                    no-unused-vars
  26:27023  warning  'e' is defined but never used                                                    no-unused-vars
  26:27133  warning  'e' is defined but never used                                                    no-unused-vars
  26:27376  warning  'e' is defined but never used                                                    no-unused-vars
  26:27378  warning  'i' is defined but never used                                                    no-unused-vars
  26:28916  warning  'e' is defined but never used                                                    no-unused-vars
  27:8892   warning  Do not access Object.prototype method 'hasOwnProperty' from target object        no-prototype-builtins
  27:19858  warning  'e' is defined but never used                                                    no-unused-vars
  27:19943  warning  'e' is defined but never used                                                    no-unused-vars
  27:20047  warning  'e' is defined but never used                                                    no-unused-vars
  27:20663  warning  Unnecessary escape character: \/                                                 no-useless-escape
  27:20884  warning  'e' is defined but never used                                                    no-unused-vars
  27:21209  warning  'e' is defined but never used                                                    no-unused-vars
  28:9802   warning  Do not access Object.prototype method 'hasOwnProperty' from target object        no-prototype-builtins
  28:20572  warning  't' is defined but never used                                                    no-unused-vars
  28:20683  warning  't' is defined but never used                                                    no-unused-vars
  28:23449  warning  Expected a 'break' statement before 'case'                                       no-fallthrough
  28:23482  warning  Expected a 'break' statement before 'case'                                       no-fallthrough
  28:23539  warning  Expected a 'break' statement before 'case'                                       no-fallthrough
  28:23574  warning  Expected a 'break' statement before 'case'                                       no-fallthrough
  28:23611  warning  Expected a 'break' statement before 'case'                                       no-fallthrough
  28:30518  warning  Expected a 'break' statement before 'default'                                    no-fallthrough
  29:13098  warning  Do not access Object.prototype method 'hasOwnProperty' from target object        no-prototype-builtins
  29:15714  warning  'i' is defined but never used                                                    no-unused-vars
  29:23240  warning  Do not access Object.prototype method 'hasOwnProperty' from target object        no-prototype-builtins
  29:26203  warning  Empty block statement                                                            no-empty
  29:29679  warning  Do not access Object.prototype method 'hasOwnProperty' from target object        no-prototype-builtins
  29:31877  warning  't' is defined but never used                                                    no-unused-vars
  29:31879  warning  'e' is defined but never used                                                    no-unused-vars
  30:14098  warning  Do not access Object.prototype method 'hasOwnProperty' from target object        no-prototype-builtins
  30:17818  warning  Do not access Object.prototype method 'propertyIsEnumerable' from target object  no-prototype-builtins
  30:19962  warning  Empty block statement                                                            no-empty
  30:20616  warning  Empty block statement                                                            no-empty
  30:20729  warning  'e' is defined but never used                                                    no-unused-vars
  30:20731  warning  'i' is defined but never used                                                    no-unused-vars
  30:25429  warning  't' is defined but never used                                                    no-unused-vars
  30:25625  warning  'e' is defined but never used                                                    no-unused-vars
  30:25627  warning  'i' is defined but never used                                                    no-unused-vars
  30:27091  warning  Do not access Object.prototype method 'hasOwnProperty' from target object        no-prototype-builtins
  31:4774   warning  'i' is defined but never used                                                    no-unused-vars
  31:5369   warning  'i' is defined but never used                                                    no-unused-vars
  31:6363   warning  'o' is defined but never used                                                    no-unused-vars
  31:6405   warning  'o' is defined but never used                                                    no-unused-vars
  31:6450   warning  'o' is defined but never used                                                    no-unused-vars
  31:6867   warning  'o' is defined but never used                                                    no-unused-vars
  31:6918   warning  'o' is defined but never used                                                    no-unused-vars
  31:13487  warning  Do not access Object.prototype method 'hasOwnProperty' from target object        no-prototype-builtins
  31:15777  warning  Do not access Object.prototype method 'hasOwnProperty' from target object        no-prototype-builtins
  31:15997  warning  Do not access Object.prototype method 'hasOwnProperty' from target object        no-prototype-builtins
  31:19273  warning  Do not access Object.prototype method 'hasOwnProperty' from target object        no-prototype-builtins
  32:464    warning  Do not access Object.prototype method 'hasOwnProperty' from target object        no-prototype-builtins
  32:1094   warning  Do not access Object.prototype method 'hasOwnProperty' from target object        no-prototype-builtins
  32:1861   warning  Do not access Object.prototype method 'hasOwnProperty' from target object        no-prototype-builtins
  32:2222   warning  'i' is defined but never used                                                    no-unused-vars
  32:2524   warning  'n' is already defined                                                           no-redeclare
  32:3384   warning  Do not access Object.prototype method 'hasOwnProperty' from target object        no-prototype-builtins
  32:3616   warning  Do not access Object.prototype method 'hasOwnProperty' from target object        no-prototype-builtins
  32:4007   warning  Do not access Object.prototype method 'hasOwnProperty' from target object        no-prototype-builtins
  32:4096   warning  Do not access Object.prototype method 'hasOwnProperty' from target object        no-prototype-builtins
  32:16757  warning  't' is defined but never used                                                    no-unused-vars
  32:19059  warning  'i' is defined but never used                                                    no-unused-vars
  32:25203  warning  'o' is defined but never used                                                    no-unused-vars
  32:25245  warning  'o' is defined but never used                                                    no-unused-vars
  32:25290  warning  'o' is defined but never used                                                    no-unused-vars
  32:25354  warning  'o' is defined but never used                                                    no-unused-vars
  32:25402  warning  'o' is defined but never used                                                    no-unused-vars
  32:25453  warning  'o' is defined but never used                                                    no-unused-vars
  32:28221  warning  Do not access Object.prototype method 'hasOwnProperty' from target object        no-prototype-builtins
  32:30110  warning  Do not access Object.prototype method 'hasOwnProperty' from target object        no-prototype-builtins
  32:30433  warning  Do not access Object.prototype method 'hasOwnProperty' from target object        no-prototype-builtins
  32:31449  warning  Do not access Object.prototype method 'hasOwnProperty' from target object        no-prototype-builtins
  32:31535  warning  Do not access Object.prototype method 'hasOwnProperty' from target object        no-prototype-builtins
  32:31823  warning  Do not access Object.prototype method 'hasOwnProperty' from target object        no-prototype-builtins
  32:31847  warning  Do not access Object.prototype method 'hasOwnProperty' from target object        no-prototype-builtins
  33:80     warning  Do not access Object.prototype method 'hasOwnProperty' from target object        no-prototype-builtins
  33:102    warning  Do not access Object.prototype method 'hasOwnProperty' from target object        no-prototype-builtins
  33:158    warning  Do not access Object.prototype method 'hasOwnProperty' from target object        no-prototype-builtins
  33:206    warning  Do not access Object.prototype method 'hasOwnProperty' from target object        no-prototype-builtins
  33:1809   warning  Do not access Object.prototype method 'hasOwnProperty' from target object        no-prototype-builtins
  33:3461   warning  Do not access Object.prototype method 'hasOwnProperty' from target object        no-prototype-builtins
  33:3673   warning  Do not access Object.prototype method 'hasOwnProperty' from target object        no-prototype-builtins
  33:3955   warning  Do not access Object.prototype method 'hasOwnProperty' from target object        no-prototype-builtins
  33:4042   warning  Expected a 'break' statement before 'case'                                       no-fallthrough
  33:6163   warning  Do not access Object.prototype method 'hasOwnProperty' from target object        no-prototype-builtins
  33:9301   warning  Do not access Object.prototype method 'hasOwnProperty' from target object        no-prototype-builtins
  33:9413   warning  Do not access Object.prototype method 'hasOwnProperty' from target object        no-prototype-builtins
  33:9523   warning  Do not access Object.prototype method 'hasOwnProperty' from target object        no-prototype-builtins
  33:12095  warning  Do not access Object.prototype method 'hasOwnProperty' from target object        no-prototype-builtins
  33:18044  warning  'e' is defined but never used                                                    no-unused-vars
  33:18046  warning  'i' is defined but never used                                                    no-unused-vars
  33:24346  warning  't' is defined but never used                                                    no-unused-vars
  33:24348  warning  'e' is defined but never used                                                    no-unused-vars
  33:28222  warning  Do not access Object.prototype method 'hasOwnProperty' from target object        no-prototype-builtins
  33:28528  warning  't' is defined but never used                                                    no-unused-vars
  33:28530  warning  'e' is defined but never used                                                    no-unused-vars
  34:1668   warning  Do not access Object.prototype method 'hasOwnProperty' from target object        no-prototype-builtins
  34:1835   warning  Do not access Object.prototype method 'hasOwnProperty' from target object        no-prototype-builtins
  34:5579   warning  'i' is defined but never used                                                    no-unused-vars
  34:11157  warning  Do not access Object.prototype method 'hasOwnProperty' from target object        no-prototype-builtins
  34:15062  warning  Do not access Object.prototype method 'hasOwnProperty' from target object        no-prototype-builtins
  34:16507  warning  'i' is defined but never used                                                    no-unused-vars
  34:21450  warning  Do not access Object.prototype method 'hasOwnProperty' from target object        no-prototype-builtins
  34:21614  warning  Do not access Object.prototype method 'hasOwnProperty' from target object        no-prototype-builtins
  34:21717  warning  Do not access Object.prototype method 'hasOwnProperty' from target object        no-prototype-builtins
  34:21768  warning  Do not access Object.prototype method 'hasOwnProperty' from target object        no-prototype-builtins
  34:28888  warning  'o' is defined but never used                                                    no-unused-vars
  34:28890  warning  'n' is defined but never used                                                    no-unused-vars
  34:31128  warning  'i' is defined but never used                                                    no-unused-vars
  34:31130  warning  'o' is defined but never used                                                    no-unused-vars
  35:184    warning  'h' is defined but never used                                                    no-unused-vars
  35:9668   warning  'i' is defined but never used                                                    no-unused-vars
  35:22293  warning  'e' is defined but never used                                                    no-unused-vars
  35:22331  warning  'e' is defined but never used                                                    no-unused-vars
  35:22396  warning  'e' is defined but never used                                                    no-unused-vars
  35:28843  warning  't' is defined but never used                                                    no-unused-vars
  35:28845  warning  'e' is defined but never used                                                    no-unused-vars
  35:29336  warning  Do not access Object.prototype method 'hasOwnProperty' from target object        no-prototype-builtins
  36:2781   warning  'o' is defined but never used                                                    no-unused-vars
  36:2948   warning  Unnecessary escape character: \[                                                 no-useless-escape
  36:3039   warning  Unnecessary escape character: \/                                                 no-useless-escape
  36:13506  warning  Expected a conditional expression and instead saw an assignment                  no-cond-assign
  36:13793  warning  Empty block statement                                                            no-empty
  36:14861  warning  Expected a conditional expression and instead saw an assignment                  no-cond-assign
  36:23433  warning  Expected a conditional expression and instead saw an assignment                  no-cond-assign
  36:23550  warning  Expected a conditional expression and instead saw an assignment                  no-cond-assign
  36:28171  warning  Expected a 'break' statement before 'case'                                       no-fallthrough
  36:28210  warning  Expected a 'break' statement before 'case'                                       no-fallthrough
  36:28270  warning  Expected a 'break' statement before 'case'                                       no-fallthrough
  36:28297  warning  Expected a 'break' statement before 'case'                                       no-fallthrough
  36:28326  warning  Expected a 'break' statement before 'case'                                       no-fallthrough
  37:3200   warning  Unnecessary escape character: \[                                                 no-useless-escape
  37:3386   warning  Unnecessary escape character: \[                                                 no-useless-escape
  37:3768   warning  Unnecessary escape character: \/                                                 no-useless-escape
  37:5096   warning  Unnecessary escape character: \[                                                 no-useless-escape
  37:7070   warning  'i' is defined but never used                                                    no-unused-vars
  37:7496   warning  'i' is defined but never used                                                    no-unused-vars
  37:7585   warning  'i' is defined but never used                                                    no-unused-vars
  37:8072   warning  Unnecessary escape character: \+                                                 no-useless-escape
  37:8074   warning  Unnecessary escape character: \-                                                 no-useless-escape
  37:8217   warning  Unnecessary escape character: \+                                                 no-useless-escape
  37:8219   warning  Unnecessary escape character: \-                                                 no-useless-escape
  37:8885   warning  Unnecessary escape character: \-                                                 no-useless-escape
  37:10300  warning  Unnecessary escape character: \+                                                 no-useless-escape
  37:10302  warning  Unnecessary escape character: \-                                                 no-useless-escape
  37:10353  warning  Unnecessary escape character: \-                                                 no-useless-escape
  37:10379  warning  Unnecessary escape character: \:                                                 no-useless-escape
  37:10389  warning  Unnecessary escape character: \:                                                 no-useless-escape
  37:16855  warning  'e' is defined but never used                                                    no-unused-vars
  37:17157  warning  'e' is defined but never used                                                    no-unused-vars
  37:19095  warning  'e' is defined but never used                                                    no-unused-vars
  37:19586  warning  't' is defined but never used                                                    no-unused-vars
  38:15229  warning  Do not access Object.prototype method 'hasOwnProperty' from target object        no-prototype-builtins
  38:15879  warning  'e' is defined but never used                                                    no-unused-vars
  38:16234  warning  'e' is defined but never used                                                    no-unused-vars
  38:16558  warning  'i' is defined but never used                                                    no-unused-vars
  38:19798  warning  Do not access Object.prototype method 'hasOwnProperty' from target object        no-prototype-builtins
  38:19991  warning  Do not access Object.prototype method 'hasOwnProperty' from target object        no-prototype-builtins
  38:23327  warning  'e' is defined but never used                                                    no-unused-vars
  38:23329  warning  'i' is defined but never used                                                    no-unused-vars
  38:23889  warning  'i' is defined but never used                                                    no-unused-vars
  38:24499  warning  Expected a conditional expression and instead saw an assignment                  no-cond-assign
  38:25853  warning  Do not access Object.prototype method 'hasOwnProperty' from target object        no-prototype-builtins
  38:26041  warning  Unnecessary escape character: \(                                                 no-useless-escape
  39:1788   warning  Do not access Object.prototype method 'hasOwnProperty' from target object        no-prototype-builtins
  39:7345   warning  't' is defined but never used                                                    no-unused-vars
  39:12585  warning  Expected a conditional expression and instead saw an assignment                  no-cond-assign
  40:949    warning  Empty block statement                                                            no-empty
  40:1180   warning  Empty block statement                                                            no-empty
  40:8743   warning  Do not access Object.prototype method 'hasOwnProperty' from target object        no-prototype-builtins
  40:14840  warning  Do not access Object.prototype method 'hasOwnProperty' from target object        no-prototype-builtins
  40:14980  warning  Do not access Object.prototype method 'hasOwnProperty' from target object        no-prototype-builtins
  40:17295  warning  Do not access Object.prototype method 'hasOwnProperty' from target object        no-prototype-builtins
  40:17385  warning  Do not access Object.prototype method 'hasOwnProperty' from target object        no-prototype-builtins
  40:17559  warning  Do not access Object.prototype method 'hasOwnProperty' from target object        no-prototype-builtins
  40:17716  warning  Do not access Object.prototype method 'hasOwnProperty' from target object        no-prototype-builtins
  40:23033  warning  't' is defined but never used                                                    no-unused-vars
  40:23035  warning  'e' is defined but never used                                                    no-unused-vars
  40:23037  warning  'i' is defined but never used                                                    no-unused-vars
  40:25925  warning  'i' is defined but never used                                                    no-unused-vars
  41:3222   warning  Do not access Object.prototype method 'hasOwnProperty' from target object        no-prototype-builtins
  41:6366   warning  Do not access Object.prototype method 'hasOwnProperty' from target object        no-prototype-builtins
  41:6482   warning  Do not access Object.prototype method 'hasOwnProperty' from target object        no-prototype-builtins
  41:6640   warning  Do not access Object.prototype method 'hasOwnProperty' from target object        no-prototype-builtins
  41:9255   warning  Do not access Object.prototype method 'hasOwnProperty' from target object        no-prototype-builtins
  41:10690  warning  Do not access Object.prototype method 'hasOwnProperty' from target object        no-prototype-builtins
  41:14761  warning  Unnecessary escape character: \_                                                 no-useless-escape
  41:15063  warning  Unnecessary escape character: \_                                                 no-useless-escape
  41:22394  warning  'e' is defined but never used                                                    no-unused-vars
  41:22899  warning  't' is defined but never used                                                    no-unused-vars
  41:24101  warning  'e' is defined but never used                                                    no-unused-vars
  41:26343  warning  'e' is defined but never used                                                    no-unused-vars
  41:30294  warning  't' is defined but never used                                                    no-unused-vars
  42:5853   warning  Do not access Object.prototype method 'hasOwnProperty' from target object        no-prototype-builtins
  42:6784   warning  Do not access Object.prototype method 'hasOwnProperty' from target object        no-prototype-builtins
  42:6910   warning  Do not access Object.prototype method 'hasOwnProperty' from target object        no-prototype-builtins
  42:9060   warning  Do not access Object.prototype method 'hasOwnProperty' from target object        no-prototype-builtins
  42:9111   warning  Do not access Object.prototype method 'hasOwnProperty' from target object        no-prototype-builtins
  42:25638  warning  Do not access Object.prototype method 'hasOwnProperty' from target object        no-prototype-builtins
  42:25751  warning  Do not access Object.prototype method 'hasOwnProperty' from target object        no-prototype-builtins
  42:26777  warning  Do not access Object.prototype method 'hasOwnProperty' from target object        no-prototype-builtins
  42:27910  warning  Do not access Object.prototype method 'hasOwnProperty' from target object        no-prototype-builtins
  42:28104  warning  Do not access Object.prototype method 'hasOwnProperty' from target object        no-prototype-builtins
  43:6825   warning  'l' is already defined                                                           no-redeclare
  43:8341   warning  Do not access Object.prototype method 'hasOwnProperty' from target object        no-prototype-builtins
  43:9786   warning  Do not access Object.prototype method 'hasOwnProperty' from target object        no-prototype-builtins
  43:9953   warning  Do not access Object.prototype method 'hasOwnProperty' from target object        no-prototype-builtins
  43:10038  warning  Do not access Object.prototype method 'hasOwnProperty' from target object        no-prototype-builtins
  43:12215  warning  Do not access Object.prototype method 'hasOwnProperty' from target object        no-prototype-builtins
  43:12327  warning  Do not access Object.prototype method 'hasOwnProperty' from target object        no-prototype-builtins
  43:12570  warning  Do not access Object.prototype method 'hasOwnProperty' from target object        no-prototype-builtins
  43:13250  warning  Do not access Object.prototype method 'hasOwnProperty' from target object        no-prototype-builtins
  43:13504  warning  Do not access Object.prototype method 'hasOwnProperty' from target object        no-prototype-builtins
  43:16306  warning  Do not access Object.prototype method 'hasOwnProperty' from target object        no-prototype-builtins
  43:16450  warning  Do not access Object.prototype method 'hasOwnProperty' from target object        no-prototype-builtins
  43:17041  warning  Do not access Object.prototype method 'hasOwnProperty' from target object        no-prototype-builtins
  43:24410  warning  Do not access Object.prototype method 'hasOwnProperty' from target object        no-prototype-builtins
  44:3009   warning  Do not access Object.prototype method 'hasOwnProperty' from target object        no-prototype-builtins
  44:12484  warning  Do not access Object.prototype method 'hasOwnProperty' from target object        no-prototype-builtins
  44:20587  warning  Do not access Object.prototype method 'hasOwnProperty' from target object        no-prototype-builtins
  44:28027  warning  Do not access Object.prototype method 'hasOwnProperty' from target object        no-prototype-builtins
  44:28145  warning  Do not access Object.prototype method 'hasOwnProperty' from target object        no-prototype-builtins
  44:28357  warning  Do not access Object.prototype method 'hasOwnProperty' from target object        no-prototype-builtins
  44:28499  warning  Do not access Object.prototype method 'hasOwnProperty' from target object        no-prototype-builtins
  44:28658  warning  Do not access Object.prototype method 'hasOwnProperty' from target object        no-prototype-builtins
  44:28827  warning  Do not access Object.prototype method 'hasOwnProperty' from target object        no-prototype-builtins
  44:28981  warning  Do not access Object.prototype method 'hasOwnProperty' from target object        no-prototype-builtins
  44:29068  warning  Do not access Object.prototype method 'hasOwnProperty' from target object        no-prototype-builtins
  44:29211  warning  Do not access Object.prototype method 'hasOwnProperty' from target object        no-prototype-builtins
  44:29302  warning  Do not access Object.prototype method 'hasOwnProperty' from target object        no-prototype-builtins
  44:29448  warning  Do not access Object.prototype method 'hasOwnProperty' from target object        no-prototype-builtins
  44:30580  warning  Do not access Object.prototype method 'hasOwnProperty' from target object        no-prototype-builtins
  44:30791  warning  Do not access Object.prototype method 'hasOwnProperty' from target object        no-prototype-builtins
  44:31463  warning  Do not access Object.prototype method 'hasOwnProperty' from target object        no-prototype-builtins
  44:31674  warning  Do not access Object.prototype method 'hasOwnProperty' from target object        no-prototype-builtins
  45:902    warning  Do not access Object.prototype method 'hasOwnProperty' from target object        no-prototype-builtins
  45:938    warning  Do not access Object.prototype method 'hasOwnProperty' from target object        no-prototype-builtins
  45:1053   warning  Do not access Object.prototype method 'hasOwnProperty' from target object        no-prototype-builtins
  45:1089   warning  Do not access Object.prototype method 'hasOwnProperty' from target object        no-prototype-builtins
  45:3181   warning  Do not access Object.prototype method 'hasOwnProperty' from target object        no-prototype-builtins
  45:3273   warning  Do not access Object.prototype method 'hasOwnProperty' from target object        no-prototype-builtins
  45:3446   warning  Do not access Object.prototype method 'hasOwnProperty' from target object        no-prototype-builtins
  45:10085  warning  Do not access Object.prototype method 'hasOwnProperty' from target object        no-prototype-builtins
  45:10608  warning  Do not access Object.prototype method 'hasOwnProperty' from target object        no-prototype-builtins
  45:10916  warning  Do not access Object.prototype method 'hasOwnProperty' from target object        no-prototype-builtins
  45:11396  warning  Do not access Object.prototype method 'hasOwnProperty' from target object        no-prototype-builtins
  45:13952  warning  Do not access Object.prototype method 'hasOwnProperty' from target object        no-prototype-builtins
  45:15769  warning  Do not access Object.prototype method 'hasOwnProperty' from target object        no-prototype-builtins
  45:17455  warning  Do not access Object.prototype method 'hasOwnProperty' from target object        no-prototype-builtins
  46:6219   warning  Do not access Object.prototype method 'hasOwnProperty' from target object        no-prototype-builtins
  46:7545   warning  't' is defined but never used                                                    no-unused-vars

✖ 535 problems (0 errors, 535 warnings)

